<?xml version="1.0" encoding="UTF-8"?>
<!-- Generated by org.testng.reporters.JUnitReportReporter -->
<testsuite hostname="LAPTOP-34O0D4SU" failures="0" tests="12" name="testRunner.TestRunner" time="137.982" errors="0" timestamp="2022-08-06T15:27:51 EET" skipped="0">
  <testcase classname="testRunner.TestRunner" name="runScenario" time="9.989"/>
  <system-out/>
  <testcase classname="testRunner.TestRunner" name="runScenario" time="9.890"/>
  <system-out/>
  <testcase classname="testRunner.TestRunner" name="runScenario" time="9.076"/>
  <system-out/>
  <testcase classname="testRunner.TestRunner" name="runScenario" time="8.387"/>
  <system-out/>
  <testcase classname="testRunner.TestRunner" name="runScenario" time="10.245"/>
  <system-out/>
  <testcase classname="testRunner.TestRunner" name="runScenario" time="11.720"/>
  <system-out/>
  <testcase classname="testRunner.TestRunner" name="runScenario" time="9.450"/>
  <system-out/>
  <testcase classname="testRunner.TestRunner" name="runScenario" time="11.160"/>
  <system-out/>
  <testcase classname="testRunner.TestRunner" name="runScenario" time="10.901"/>
  <system-out/>
  <testcase classname="testRunner.TestRunner" name="runScenario" time="9.838"/>
  <system-out/>
  <testcase classname="testRunner.TestRunner" name="runScenario" time="24.755"/>
  <system-out/>
  <testcase classname="testRunner.TestRunner" name="runScenario" time="12.571"/>
  <system-out/>
</testsuite> <!-- testRunner.TestRunner -->
